INFO: Commencing training!
INFO: COMMAND: train.py --data /cluster/home/nanlin/atmt_2023/assignments/03/tune/../../../data/en-fr//prepared/ --source-lang fr --target-lang en --save-dir /cluster/home/nanlin/atmt_2023/assignments/03/tune/../../../data/en-fr//tune--optimal --lr 0.0005 --batch-size 8 --encoder-num-layers 2 --decoder-num-layers 2 --encoder-dropout-in 0.3 --encoder-dropout-out 0.3 --decoder-dropout-in 0.3 --decoder-dropout-out 0.3
INFO: Arguments: {'cuda': False, 'data': '/cluster/home/nanlin/atmt_2023/assignments/03/tune/../../../data/en-fr//prepared/', 'source_lang': 'fr', 'target_lang': 'en', 'max_tokens': None, 'batch_size': 8, 'train_on_tiny': False, 'arch': 'lstm', 'max_epoch': 10000, 'clip_norm': 4.0, 'lr': 0.0005, 'patience': 3, 'log_file': None, 'save_dir': '/cluster/home/nanlin/atmt_2023/assignments/03/tune/../../../data/en-fr//tune--optimal', 'restore_file': 'checkpoint_last.pt', 'save_interval': 1, 'no_save': False, 'epoch_checkpoints': False, 'encoder_num_layers': 2, 'decoder_num_layers': 2, 'encoder_dropout_in': 0.3, 'encoder_dropout_out': 0.3, 'decoder_dropout_in': 0.3, 'decoder_dropout_out': 0.3, 'encoder_embed_dim': 64, 'encoder_embed_path': None, 'encoder_hidden_size': 64, 'encoder_bidirectional': 'True', 'decoder_embed_dim': 64, 'decoder_embed_path': None, 'decoder_hidden_size': 128, 'decoder_use_attention': 'True', 'decoder_use_lexical_model': 'False', 'device_id': 0}
INFO: Loaded a source dictionary (fr) with 4000 words
INFO: Loaded a target dictionary (en) with 4000 words
INFO: Built a model with 1540000 parameters
INFO: Epoch 000: loss 5.031 | lr 0.0005 | num_tokens 9.1 | batch_size 8 | grad_norm 12.37 | clip 0.9856
INFO: Epoch 000: valid_loss 5.83 | num_tokens 9.14 | batch_size 500 | valid_perplexity 341
INFO: Epoch 001: loss 4.374 | lr 0.0005 | num_tokens 9.1 | batch_size 8 | grad_norm 10.24 | clip 1
INFO: Epoch 001: valid_loss 5.13 | num_tokens 9.14 | batch_size 500 | valid_perplexity 169
INFO: Epoch 002: loss 4.058 | lr 0.0005 | num_tokens 9.1 | batch_size 8 | grad_norm 10.84 | clip 1
INFO: Epoch 002: valid_loss 4.75 | num_tokens 9.14 | batch_size 500 | valid_perplexity 116
INFO: Epoch 003: loss 3.823 | lr 0.0005 | num_tokens 9.1 | batch_size 8 | grad_norm 11.69 | clip 1
INFO: Epoch 003: valid_loss 4.47 | num_tokens 9.14 | batch_size 500 | valid_perplexity 87.6
INFO: Epoch 004: loss 3.645 | lr 0.0005 | num_tokens 9.1 | batch_size 8 | grad_norm 12.01 | clip 1
INFO: Epoch 004: valid_loss 4.08 | num_tokens 9.14 | batch_size 500 | valid_perplexity 59.1
INFO: Epoch 005: loss 3.499 | lr 0.0005 | num_tokens 9.1 | batch_size 8 | grad_norm 12.33 | clip 1
INFO: Epoch 005: valid_loss 3.86 | num_tokens 9.14 | batch_size 500 | valid_perplexity 47.3
INFO: Epoch 006: loss 3.372 | lr 0.0005 | num_tokens 9.1 | batch_size 8 | grad_norm 12.66 | clip 1
INFO: Epoch 006: valid_loss 3.71 | num_tokens 9.14 | batch_size 500 | valid_perplexity 40.9
INFO: Epoch 007: loss 3.263 | lr 0.0005 | num_tokens 9.1 | batch_size 8 | grad_norm 12.93 | clip 1
INFO: Epoch 007: valid_loss 3.59 | num_tokens 9.14 | batch_size 500 | valid_perplexity 36.3
INFO: Epoch 008: loss 3.167 | lr 0.0005 | num_tokens 9.1 | batch_size 8 | grad_norm 13.22 | clip 1
INFO: Epoch 008: valid_loss 3.47 | num_tokens 9.14 | batch_size 500 | valid_perplexity 32.1
INFO: Epoch 009: loss 3.076 | lr 0.0005 | num_tokens 9.1 | batch_size 8 | grad_norm 13.52 | clip 1
INFO: Epoch 009: valid_loss 3.4 | num_tokens 9.14 | batch_size 500 | valid_perplexity 29.8
INFO: Epoch 010: loss 2.994 | lr 0.0005 | num_tokens 9.1 | batch_size 8 | grad_norm 13.78 | clip 1
INFO: Epoch 010: valid_loss 3.29 | num_tokens 9.14 | batch_size 500 | valid_perplexity 26.9
INFO: Epoch 011: loss 2.926 | lr 0.0005 | num_tokens 9.1 | batch_size 8 | grad_norm 13.88 | clip 1
INFO: Epoch 011: valid_loss 3.23 | num_tokens 9.14 | batch_size 500 | valid_perplexity 25.3
INFO: Epoch 012: loss 2.861 | lr 0.0005 | num_tokens 9.1 | batch_size 8 | grad_norm 14.06 | clip 1
INFO: Epoch 012: valid_loss 3.18 | num_tokens 9.14 | batch_size 500 | valid_perplexity 23.9
INFO: Epoch 013: loss 2.795 | lr 0.0005 | num_tokens 9.1 | batch_size 8 | grad_norm 14.24 | clip 1
INFO: Epoch 013: valid_loss 3.1 | num_tokens 9.14 | batch_size 500 | valid_perplexity 22.2
INFO: Epoch 014: loss 2.734 | lr 0.0005 | num_tokens 9.1 | batch_size 8 | grad_norm 14.34 | clip 1
INFO: Epoch 014: valid_loss 3.07 | num_tokens 9.14 | batch_size 500 | valid_perplexity 21.4
INFO: Epoch 015: loss 2.681 | lr 0.0005 | num_tokens 9.1 | batch_size 8 | grad_norm 14.53 | clip 1
INFO: Epoch 015: valid_loss 3.02 | num_tokens 9.14 | batch_size 500 | valid_perplexity 20.6
INFO: Epoch 016: loss 2.626 | lr 0.0005 | num_tokens 9.1 | batch_size 8 | grad_norm 14.65 | clip 1
INFO: Epoch 016: valid_loss 2.98 | num_tokens 9.14 | batch_size 500 | valid_perplexity 19.7
INFO: Epoch 017: loss 2.577 | lr 0.0005 | num_tokens 9.1 | batch_size 8 | grad_norm 14.79 | clip 1
INFO: Epoch 017: valid_loss 2.91 | num_tokens 9.14 | batch_size 500 | valid_perplexity 18.4
INFO: Epoch 018: loss 2.531 | lr 0.0005 | num_tokens 9.1 | batch_size 8 | grad_norm 14.87 | clip 1
INFO: Epoch 018: valid_loss 2.89 | num_tokens 9.14 | batch_size 500 | valid_perplexity 18
INFO: Epoch 019: loss 2.481 | lr 0.0005 | num_tokens 9.1 | batch_size 8 | grad_norm 15.08 | clip 1
INFO: Epoch 019: valid_loss 2.85 | num_tokens 9.14 | batch_size 500 | valid_perplexity 17.4
INFO: Epoch 020: loss 2.443 | lr 0.0005 | num_tokens 9.1 | batch_size 8 | grad_norm 15.18 | clip 1
INFO: Epoch 020: valid_loss 2.82 | num_tokens 9.14 | batch_size 500 | valid_perplexity 16.8
INFO: Epoch 021: loss 2.402 | lr 0.0005 | num_tokens 9.1 | batch_size 8 | grad_norm 15.29 | clip 1
INFO: Epoch 021: valid_loss 2.78 | num_tokens 9.14 | batch_size 500 | valid_perplexity 16.1
INFO: Epoch 022: loss 2.361 | lr 0.0005 | num_tokens 9.1 | batch_size 8 | grad_norm 15.36 | clip 1
INFO: Epoch 022: valid_loss 2.75 | num_tokens 9.14 | batch_size 500 | valid_perplexity 15.7
INFO: Epoch 023: loss 2.321 | lr 0.0005 | num_tokens 9.1 | batch_size 8 | grad_norm 15.43 | clip 1
INFO: Epoch 023: valid_loss 2.72 | num_tokens 9.14 | batch_size 500 | valid_perplexity 15.1
INFO: Epoch 024: loss 2.289 | lr 0.0005 | num_tokens 9.1 | batch_size 8 | grad_norm 15.64 | clip 1
INFO: Epoch 024: valid_loss 2.67 | num_tokens 9.14 | batch_size 500 | valid_perplexity 14.5
INFO: Epoch 025: loss 2.257 | lr 0.0005 | num_tokens 9.1 | batch_size 8 | grad_norm 15.71 | clip 1
INFO: Epoch 025: valid_loss 2.64 | num_tokens 9.14 | batch_size 500 | valid_perplexity 14.1
INFO: Epoch 026: loss 2.217 | lr 0.0005 | num_tokens 9.1 | batch_size 8 | grad_norm 15.7 | clip 1
INFO: Epoch 026: valid_loss 2.63 | num_tokens 9.14 | batch_size 500 | valid_perplexity 13.8
INFO: Epoch 027: loss 2.189 | lr 0.0005 | num_tokens 9.1 | batch_size 8 | grad_norm 15.82 | clip 1
INFO: Epoch 027: valid_loss 2.61 | num_tokens 9.14 | batch_size 500 | valid_perplexity 13.6
INFO: Epoch 028: loss 2.152 | lr 0.0005 | num_tokens 9.1 | batch_size 8 | grad_norm 15.88 | clip 1
INFO: Epoch 028: valid_loss 2.61 | num_tokens 9.14 | batch_size 500 | valid_perplexity 13.6
INFO: Epoch 029: loss 2.131 | lr 0.0005 | num_tokens 9.1 | batch_size 8 | grad_norm 15.9 | clip 1
INFO: Epoch 029: valid_loss 2.58 | num_tokens 9.14 | batch_size 500 | valid_perplexity 13.2
INFO: Epoch 030: loss 2.102 | lr 0.0005 | num_tokens 9.1 | batch_size 8 | grad_norm 16.13 | clip 1
INFO: Epoch 030: valid_loss 2.55 | num_tokens 9.14 | batch_size 500 | valid_perplexity 12.8
INFO: Epoch 031: loss 2.07 | lr 0.0005 | num_tokens 9.1 | batch_size 8 | grad_norm 16.08 | clip 1
INFO: Epoch 031: valid_loss 2.53 | num_tokens 9.14 | batch_size 500 | valid_perplexity 12.5
INFO: Epoch 032: loss 2.045 | lr 0.0005 | num_tokens 9.1 | batch_size 8 | grad_norm 16.15 | clip 1
INFO: Epoch 032: valid_loss 2.52 | num_tokens 9.14 | batch_size 500 | valid_perplexity 12.4
INFO: Epoch 033: loss 2.02 | lr 0.0005 | num_tokens 9.1 | batch_size 8 | grad_norm 16.13 | clip 1
INFO: Epoch 033: valid_loss 2.51 | num_tokens 9.14 | batch_size 500 | valid_perplexity 12.4
INFO: Epoch 034: loss 1.996 | lr 0.0005 | num_tokens 9.1 | batch_size 8 | grad_norm 16.3 | clip 1
INFO: Epoch 034: valid_loss 2.49 | num_tokens 9.14 | batch_size 500 | valid_perplexity 12.1
INFO: Epoch 035: loss 1.969 | lr 0.0005 | num_tokens 9.1 | batch_size 8 | grad_norm 16.29 | clip 1
INFO: Epoch 035: valid_loss 2.49 | num_tokens 9.14 | batch_size 500 | valid_perplexity 12
INFO: Epoch 036: loss 1.949 | lr 0.0005 | num_tokens 9.1 | batch_size 8 | grad_norm 16.34 | clip 1
INFO: Epoch 036: valid_loss 2.46 | num_tokens 9.14 | batch_size 500 | valid_perplexity 11.7
INFO: Epoch 037: loss 1.934 | lr 0.0005 | num_tokens 9.1 | batch_size 8 | grad_norm 16.35 | clip 1
INFO: Epoch 037: valid_loss 2.45 | num_tokens 9.14 | batch_size 500 | valid_perplexity 11.6
INFO: Epoch 038: loss 1.898 | lr 0.0005 | num_tokens 9.1 | batch_size 8 | grad_norm 16.32 | clip 1
INFO: Epoch 038: valid_loss 2.45 | num_tokens 9.14 | batch_size 500 | valid_perplexity 11.6
INFO: Epoch 039: loss 1.887 | lr 0.0005 | num_tokens 9.1 | batch_size 8 | grad_norm 16.42 | clip 1
INFO: Epoch 039: valid_loss 2.44 | num_tokens 9.14 | batch_size 500 | valid_perplexity 11.4
INFO: Epoch 040: loss 1.862 | lr 0.0005 | num_tokens 9.1 | batch_size 8 | grad_norm 16.48 | clip 1
INFO: Epoch 040: valid_loss 2.43 | num_tokens 9.14 | batch_size 500 | valid_perplexity 11.4
INFO: Epoch 041: loss 1.841 | lr 0.0005 | num_tokens 9.1 | batch_size 8 | grad_norm 16.57 | clip 1
INFO: Epoch 041: valid_loss 2.43 | num_tokens 9.14 | batch_size 500 | valid_perplexity 11.3
INFO: Epoch 042: loss 1.819 | lr 0.0005 | num_tokens 9.1 | batch_size 8 | grad_norm 16.63 | clip 1
INFO: Epoch 042: valid_loss 2.4 | num_tokens 9.14 | batch_size 500 | valid_perplexity 11
INFO: Epoch 043: loss 1.803 | lr 0.0005 | num_tokens 9.1 | batch_size 8 | grad_norm 16.58 | clip 1
INFO: Epoch 043: valid_loss 2.4 | num_tokens 9.14 | batch_size 500 | valid_perplexity 11.1
INFO: Epoch 044: loss 1.781 | lr 0.0005 | num_tokens 9.1 | batch_size 8 | grad_norm 16.67 | clip 1
INFO: Epoch 044: valid_loss 2.4 | num_tokens 9.14 | batch_size 500 | valid_perplexity 11
INFO: Epoch 045: loss 1.765 | lr 0.0005 | num_tokens 9.1 | batch_size 8 | grad_norm 16.62 | clip 1
INFO: Epoch 045: valid_loss 2.39 | num_tokens 9.14 | batch_size 500 | valid_perplexity 10.9
INFO: Epoch 046: loss 1.744 | lr 0.0005 | num_tokens 9.1 | batch_size 8 | grad_norm 16.61 | clip 1
INFO: Epoch 046: valid_loss 2.38 | num_tokens 9.14 | batch_size 500 | valid_perplexity 10.9
INFO: Epoch 047: loss 1.733 | lr 0.0005 | num_tokens 9.1 | batch_size 8 | grad_norm 16.54 | clip 1
INFO: Epoch 047: valid_loss 2.38 | num_tokens 9.14 | batch_size 500 | valid_perplexity 10.8
INFO: Epoch 048: loss 1.72 | lr 0.0005 | num_tokens 9.1 | batch_size 8 | grad_norm 16.56 | clip 1
INFO: Epoch 048: valid_loss 2.37 | num_tokens 9.14 | batch_size 500 | valid_perplexity 10.7
INFO: Epoch 049: loss 1.697 | lr 0.0005 | num_tokens 9.1 | batch_size 8 | grad_norm 16.63 | clip 1
INFO: Epoch 049: valid_loss 2.38 | num_tokens 9.14 | batch_size 500 | valid_perplexity 10.8
INFO: Epoch 050: loss 1.684 | lr 0.0005 | num_tokens 9.1 | batch_size 8 | grad_norm 16.72 | clip 1
INFO: Epoch 050: valid_loss 2.37 | num_tokens 9.14 | batch_size 500 | valid_perplexity 10.7
INFO: Epoch 051: loss 1.66 | lr 0.0005 | num_tokens 9.1 | batch_size 8 | grad_norm 16.6 | clip 1
INFO: Epoch 051: valid_loss 2.35 | num_tokens 9.14 | batch_size 500 | valid_perplexity 10.4
INFO: Epoch 052: loss 1.655 | lr 0.0005 | num_tokens 9.1 | batch_size 8 | grad_norm 16.75 | clip 1
INFO: Epoch 052: valid_loss 2.35 | num_tokens 9.14 | batch_size 500 | valid_perplexity 10.5
INFO: Epoch 053: loss 1.639 | lr 0.0005 | num_tokens 9.1 | batch_size 8 | grad_norm 16.96 | clip 1
INFO: Epoch 053: valid_loss 2.36 | num_tokens 9.14 | batch_size 500 | valid_perplexity 10.6
INFO: Epoch 054: loss 1.628 | lr 0.0005 | num_tokens 9.1 | batch_size 8 | grad_norm 16.97 | clip 1
INFO: Epoch 054: valid_loss 2.32 | num_tokens 9.14 | batch_size 500 | valid_perplexity 10.2
INFO: Epoch 055: loss 1.612 | lr 0.0005 | num_tokens 9.1 | batch_size 8 | grad_norm 16.91 | clip 1
INFO: Epoch 055: valid_loss 2.33 | num_tokens 9.14 | batch_size 500 | valid_perplexity 10.3
INFO: Epoch 056: loss 1.598 | lr 0.0005 | num_tokens 9.1 | batch_size 8 | grad_norm 16.87 | clip 1
INFO: Epoch 056: valid_loss 2.32 | num_tokens 9.14 | batch_size 500 | valid_perplexity 10.1
INFO: Epoch 057: loss 1.584 | lr 0.0005 | num_tokens 9.1 | batch_size 8 | grad_norm 16.87 | clip 1
INFO: Epoch 057: valid_loss 2.33 | num_tokens 9.14 | batch_size 500 | valid_perplexity 10.2
INFO: Epoch 058: loss 1.572 | lr 0.0005 | num_tokens 9.1 | batch_size 8 | grad_norm 16.84 | clip 1
INFO: Epoch 058: valid_loss 2.31 | num_tokens 9.14 | batch_size 500 | valid_perplexity 10.1
INFO: Epoch 059: loss 1.56 | lr 0.0005 | num_tokens 9.1 | batch_size 8 | grad_norm 16.87 | clip 1
INFO: Epoch 059: valid_loss 2.31 | num_tokens 9.14 | batch_size 500 | valid_perplexity 10
INFO: Epoch 060: loss 1.546 | lr 0.0005 | num_tokens 9.1 | batch_size 8 | grad_norm 16.87 | clip 1
INFO: Epoch 060: valid_loss 2.32 | num_tokens 9.14 | batch_size 500 | valid_perplexity 10.2
INFO: Epoch 061: loss 1.528 | lr 0.0005 | num_tokens 9.1 | batch_size 8 | grad_norm 16.88 | clip 1
INFO: Epoch 061: valid_loss 2.31 | num_tokens 9.14 | batch_size 500 | valid_perplexity 10.1
INFO: Epoch 062: loss 1.527 | lr 0.0005 | num_tokens 9.1 | batch_size 8 | grad_norm 16.93 | clip 1
INFO: Epoch 062: valid_loss 2.31 | num_tokens 9.14 | batch_size 500 | valid_perplexity 10.1
INFO: No validation set improvements observed for 3 epochs. Early stop!
train done!
[2023-11-02 09:03:03] COMMAND: translate.py --data /cluster/home/nanlin/atmt_2023/assignments/03/tune/../../../data/en-fr//prepared/ --dicts /cluster/home/nanlin/atmt_2023/assignments/03/tune/../../../data/en-fr//prepared/ --checkpoint-path /cluster/home/nanlin/atmt_2023/assignments/03/tune/../../../data/en-fr//tune--optimal/checkpoint_last.pt --output /cluster/home/nanlin/atmt_2023/assignments/03/tune/../../../data/en-fr//tune--optimal/en.txt
[2023-11-02 09:03:03] Arguments: {'cuda': False, 'data': '/cluster/home/nanlin/atmt_2023/assignments/03/tune/../../../data/en-fr//prepared/', 'source_lang': 'fr', 'target_lang': 'en', 'max_tokens': None, 'batch_size': 1, 'train_on_tiny': False, 'arch': 'lstm', 'max_epoch': 10000, 'clip_norm': 4.0, 'lr': 0.0005, 'patience': 3, 'log_file': None, 'save_dir': '/cluster/home/nanlin/atmt_2023/assignments/03/tune/../../../data/en-fr//tune--optimal', 'restore_file': 'checkpoint_last.pt', 'save_interval': 1, 'no_save': False, 'epoch_checkpoints': False, 'encoder_num_layers': 2, 'decoder_num_layers': 2, 'encoder_dropout_in': 0.3, 'encoder_dropout_out': 0.3, 'decoder_dropout_in': 0.3, 'decoder_dropout_out': 0.3, 'encoder_embed_dim': 64, 'encoder_embed_path': None, 'encoder_hidden_size': 64, 'encoder_bidirectional': 'True', 'decoder_embed_dim': 64, 'decoder_embed_path': None, 'decoder_hidden_size': 128, 'decoder_use_attention': 'True', 'decoder_use_lexical_model': 'False', 'device_id': 0, 'seed': 42, 'dicts': '/cluster/home/nanlin/atmt_2023/assignments/03/tune/../../../data/en-fr//prepared/', 'checkpoint_path': '/cluster/home/nanlin/atmt_2023/assignments/03/tune/../../../data/en-fr//tune--optimal/checkpoint_last.pt', 'output': '/cluster/home/nanlin/atmt_2023/assignments/03/tune/../../../data/en-fr//tune--optimal/en.txt', 'max_len': 128}
[2023-11-02 09:03:03] Loaded a source dictionary (fr) with 4000 words
[2023-11-02 09:03:03] Loaded a target dictionary (en) with 4000 words
[2023-11-02 09:03:03] Loaded a model from checkpoint /cluster/home/nanlin/atmt_2023/assignments/03/tune/../../../data/en-fr//tune--optimal/checkpoint_last.pt
translate done!
{
 "name": "BLEU",
 "score": 18.4,
 "signature": "nrefs:1|case:mixed|eff:no|tok:13a|smooth:exp|version:2.3.1",
 "verbose_score": "49.1/24.2/13.2/7.3 (BP = 1.000 ratio = 1.155 hyp_len = 4494 ref_len = 3892)",
 "nrefs": "1",
 "case": "mixed",
 "eff": "no",
 "tok": "13a",
 "smooth": "exp",
 "version": "2.3.1"
}
